TN:
SF:/home/amaury/data/T-POO-700/Time_Manager_2020/client/src/App.vue
FN:56,(anonymous_0)
FNF:1
FNH:0
FNDA:0,(anonymous_0)
DA:35,0
DA:52,0
DA:53,0
DA:57,0
DA:58,0
DA:61,0
DA:62,0
LF:7
LH:0
BRDA:61,0,0,0
BRDA:61,0,1,0
BRF:2
BRH:0
end_of_record
TN:
SF:/home/amaury/data/T-POO-700/Time_Manager_2020/client/src/components/Nav/Toolbar.vue
FNF:0
FNH:0
DA:42,0
DA:56,0
DA:57,0
DA:58,0
DA:60,0
DA:65,0
DA:66,0
DA:68,0
DA:73,0
DA:74,0
DA:75,0
DA:76,0
DA:77,0
DA:82,0
DA:85,0
DA:86,0
LF:16
LH:0
BRF:0
BRH:0
end_of_record
TN:
SF:/home/amaury/data/T-POO-700/Time_Manager_2020/client/src/services/ApiAxios/User/UserService.js
FNF:0
FNH:0
DA:5,0
DA:12,0
DA:15,0
DA:18,0
DA:21,0
LF:5
LH:0
BRF:0
BRH:0
end_of_record
TN:
SF:/home/amaury/data/T-POO-700/Time_Manager_2020/client/src/services/ApiAxios/Api.js
FN:4,(anonymous_0)
FNF:1
FNH:0
FNDA:0,(anonymous_0)
DA:5,0
LF:1
LH:0
BRF:0
BRH:0
end_of_record
TN:
SF:/home/amaury/data/T-POO-700/Time_Manager_2020/client/src/components/Nav/NavBar.vue
FNF:0
FNH:0
DA:85,0
DA:88,0
DA:89,0
DA:93,0
DA:94,0
DA:97,0
DA:98,0
DA:101,0
DA:102,0
LF:9
LH:0
BRDA:88,0,0,0
BRDA:88,0,1,0
BRF:2
BRH:0
end_of_record
